<?xml version="1.0" encoding="UTF-8"?>
<testsuite name="(empty)"
	tests="1"
	failures="0"
	disabled="0"
	skipped="0"
	hostname=""
	time="0"
	timestamp="2025-01-07T16:28:01"
	>
	<testcase name="TestCustomMath.square" classname="TestCustomMath.square" time="0.0036776" status="run">
		<properties/>
		<system-out>Running main() from /home/runner/work/ci_cd_helloworld/ci_cd_helloworld/build/_deps/googletest-src/googletest/src/gtest_main.cc
Note: Google Test filter = TestCustomMath.square
[==========] Running 1 test from 1 test suite.
[----------] Global test environment set-up.
[----------] 1 test from TestCustomMath
[ RUN      ] TestCustomMath.square
[       OK ] TestCustomMath.square (0 ms)
[----------] 1 test from TestCustomMath (0 ms total)

[----------] Global test environment tear-down
[==========] 1 test from 1 test suite ran. (0 ms total)
[  PASSED  ] 1 test.
</system-out>
	</testcase>
</testsuite>
